This is pdfTeX, Version 3.1415926-1.40.10 (TeX Live 2009/Debian) (format=latex 2012.6.28)  27 APR 2013 01:08
entering extended mode
 %&-line parsing enabled.
**problectix.ins
(./problectix.ins
LaTeX2e <2009/09/24>
Babel <v3.8l> and hyphenation patterns for english, usenglishmax, dumylang, noh
yphenation, ngerman, german, german-x-2009-06-19, ngerman-x-2009-06-19, loaded.

(/usr/share/texmf-texlive/tex/latex/base/docstrip.tex
\blockLevel=\count79
\emptyLines=\count80
\processedLines=\count81
\commentsRemoved=\count82
\commentsPassed=\count83
\codeLinesPassed=\count84
\TotalprocessedLines=\count85
\TotalcommentsRemoved=\count86
\TotalcommentsPassed=\count87
\TotalcodeLinesPassed=\count88
\NumberOfFiles=\count89
\inFile=\read1
\inputcheck=\read2
\off@0=\count90
\off@1=\count91
\off@2=\count92
\off@3=\count93
\off@4=\count94
\off@5=\count95
\off@6=\count96
\off@7=\count97
\off@8=\count98
\off@9=\count99
\off@10=\count100
\off@11=\count101
\off@12=\count102
\off@13=\count103
\off@14=\count104
\off@15=\count105
\@maxfiles=\count106
\@maxoutfiles=\count107

Utility: `docstrip' 2.5d <2005/07/29>
English documentation    <1999/03/31>

**********************************************************
* This program converts documented macro-files into fast *
* loadable files by stripping off (nearly) all comments! *
**********************************************************

********************************************************
* No Configuration file found, using default settings. *
********************************************************

(./problectix.ins

Generating file(s) ./kapack.sty 
\openout0 = `./kapack.sty'.


Processing file kapack.dtx (package) -> kapack.sty
File kapack.dtx ended by \endinput.
Lines  processed: 1655
Comments removed: 261
Comments  passed: 32
Codelines passed: 1362


Generating file(s) ./teacherpack.sty 
\openout0 = `./teacherpack.sty'.


Processing file teacherpack.dtx (package) -> teacherpack.sty
File teacherpack.dtx ended by \endinput.
Lines  processed: 608
Comments removed: 121
Comments  passed: 17
Codelines passed: 470

)
Overall statistics:
Files  processed: 2
Lines  processed: 2263
Comments removed: 382
Comments  passed: 49
Codelines passed: 1832
 ) ) 
Here is how much of TeX's memory you used:
 313 strings out of 495022
 3293 string characters out of 1181058
 51270 words of memory out of 12200000
 3595 multiletter control sequences out of 15000+50000
 3640 words of font info for 14 fonts, out of 3000000 for 9000
 28 hyphenation exceptions out of 8191
 15i,0n,18p,215b,101s stack positions out of 5000i,500n,10000p,200000b,50000s

No pages of output.
